[26Jun2025 00:00:44.708] [Server thread/INFO] [net.minecraft.server.MinecraftServer/]: [Doglav: Set own game mode to Survival Mode]
[26Jun2025 00:02:30.355] [Server thread/INFO] [net.minecraft.server.MinecraftServer/]: [Doglav: Set own game mode to Creative Mode]
[26Jun2025 00:05:19.930] [Server thread/INFO] [net.minecraft.server.MinecraftServer/]: [Doglav: Set own game mode to Survival Mode]
[26Jun2025 00:05:59.428] [Server thread/WARN] [net.minecraft.world.level.entity.PersistentEntitySectionManager/]: UUID of added entity already exists: FallingBlockEntity['Falling Pointed Dripstone'/34366, l='ServerLevel[world]', x=10.50, y=11.00, z=5.50]
[26Jun2025 00:06:06.724] [Server thread/WARN] [net.minecraft.world.level.entity.PersistentEntitySectionManager/]: UUID of added entity already exists: FallingBlockEntity['Falling Pointed Dripstone'/34464, l='ServerLevel[world]', x=6.50, y=8.00, z=7.50]
[26Jun2025 00:06:16.677] [Server thread/WARN] [net.minecraft.world.level.entity.PersistentEntitySectionManager/]: UUID of added entity already exists: FallingBlockEntity['Falling Pointed Dripstone'/34699, l='ServerLevel[world]', x=-1.50, y=-21.00, z=-70.50]
[26Jun2025 00:06:19.628] [Server thread/WARN] [net.minecraft.world.level.entity.PersistentEntitySectionManager/]: UUID of added entity already exists: FallingBlockEntity['Falling Pointed Dripstone'/34770, l='ServerLevel[world]', x=-1.50, y=-21.00, z=-82.50]
[26Jun2025 00:06:19.629] [Server thread/WARN] [net.minecraft.world.level.entity.PersistentEntitySectionManager/]: UUID of added entity already exists: FallingBlockEntity['Falling Pointed Dripstone'/34771, l='ServerLevel[world]', x=-1.50, y=-20.00, z=-80.50]
[26Jun2025 00:06:19.629] [Server thread/WARN] [net.minecraft.world.level.entity.PersistentEntitySectionManager/]: UUID of added entity already exists: FallingBlockEntity['Falling Pointed Dripstone'/34772, l='ServerLevel[world]', x=-0.50, y=-20.00, z=-80.50]
[26Jun2025 00:06:19.630] [Server thread/WARN] [net.minecraft.world.level.entity.PersistentEntitySectionManager/]: UUID of added entity already exists: FallingBlockEntity['Falling Pointed Dripstone'/34773, l='ServerLevel[world]', x=-2.50, y=-20.00, z=-79.50]
[26Jun2025 00:06:19.630] [Server thread/WARN] [net.minecraft.world.level.entity.PersistentEntitySectionManager/]: UUID of added entity already exists: FallingBlockEntity['Falling Pointed Dripstone'/34774, l='ServerLevel[world]', x=-1.50, y=-20.00, z=-79.50]
[26Jun2025 00:06:19.630] [Server thread/WARN] [net.minecraft.world.level.entity.PersistentEntitySectionManager/]: UUID of added entity already exists: FallingBlockEntity['Falling Pointed Dripstone'/34775, l='ServerLevel[world]', x=-2.50, y=-20.00, z=-78.50]
[26Jun2025 00:08:18.428] [Server thread/WARN] [net.minecraft.world.level.entity.PersistentEntitySectionManager/]: UUID of added entity already exists: FallingBlockEntity['Falling Pointed Dripstone'/36988, l='ServerLevel[world]', x=1.50, y=33.00, z=16.50]
[26Jun2025 00:08:18.429] [Server thread/WARN] [net.minecraft.world.level.entity.PersistentEntitySectionManager/]: UUID of added entity already exists: FallingBlockEntity['Falling Pointed Dripstone'/36989, l='ServerLevel[world]', x=3.50, y=33.00, z=17.50]
[26Jun2025 00:09:08.932] [Server thread/INFO] [net.minecraft.server.MinecraftServer/]: [Doglav: Set own game mode to Creative Mode]
[26Jun2025 00:09:09.784] [Server thread/INFO] [net.minecraft.server.MinecraftServer/]: Doglav has made the advancement [I am not a worm !]
[26Jun2025 00:09:19.189] [Server thread/INFO] [net.minecraft.server.MinecraftServer/]: Doglav has made the advancement [Spore]
[26Jun2025 00:11:08.599] [Server thread/INFO] [net.minecraft.server.MinecraftServer/]: [Doglav: Set own game mode to Spectator Mode]
[26Jun2025 00:11:33.498] [Server thread/INFO] [net.minecraft.server.players.PlayerList/]: Isai_Pacheco[/100.73.73.12:49847] logged in with entity id 39670 at (66.18643910116849, 72.0, -1.9952059874517218)
[26Jun2025 00:11:33.512] [Server thread/INFO] [net.minecraft.server.MinecraftServer/]: Isai_Pacheco joined the game
[26Jun2025 00:11:33.549] [Server thread/INFO] [Jade/]: Syncing config to Isai_Pacheco (d24a97c5-74cb-33b2-8e34-ad074712c2e1)
[26Jun2025 00:11:45.733] [Server thread/WARN] [net.minecraft.world.level.entity.PersistentEntitySectionManager/]: UUID of added entity already exists: FallingBlockEntity['Falling Pointed Dripstone'/40052, l='ServerLevel[world]', x=96.50, y=8.00, z=7.50]
[26Jun2025 00:11:54.713] [Server thread/INFO] [net.minecraft.server.MinecraftServer/]: [Not Secure] <Isai_Pacheco> ALO SANS
[26Jun2025 00:11:58.656] [Server thread/INFO] [net.minecraft.server.MinecraftServer/]: [Not Secure] <Doglav> isai donde estas
[26Jun2025 00:12:25.010] [Server thread/INFO] [net.minecraft.server.MinecraftServer/]: [Doglav: Set own game mode to Survival Mode]
[26Jun2025 00:12:58.665] [Server thread/INFO] [net.minecraft.server.MinecraftServer/]: [Not Secure] <Isai_Pacheco> ME ESTAN CULIANDO WE
[26Jun2025 00:12:58.742] [Server thread/INFO] [net.minecraft.server.MinecraftServer/]: Doglav has made the advancement [Cover Me with Diamonds]
[26Jun2025 00:12:58.894] [Server thread/INFO] [net.minecraft.server.MinecraftServer/]: Isai_Pacheco has made the advancement [Merasmus the Wizard!]
[26Jun2025 00:13:00.797] [Server thread/INFO] [net.minecraft.server.MinecraftServer/]: [Not Secure] <Isai_Pacheco> XDDDDDD
[26Jun2025 00:13:17.559] [Server thread/INFO] [net.minecraft.server.MinecraftServer/]: [Doglav: Set own game mode to Creative Mode]
